<?xml version="1.0" encoding="UTF-8"?>
<testsuite name="com.rudra.config.server.SpringCloudConfigServerApplicationTests" tests="1" skipped="0" failures="0" errors="0" timestamp="2019-10-08T15:58:02" hostname="LAPTOP-FKLTHGE6" time="0.526">
  <properties/>
  <testcase name="contextLoads" classname="com.rudra.config.server.SpringCloudConfigServerApplicationTests" time="0.526"/>
  <system-out><![CDATA[21:27:48.990 [Test worker] DEBUG org.springframework.test.context.junit4.SpringJUnit4ClassRunner - SpringJUnit4ClassRunner constructor called with [class com.rudra.config.server.SpringCloudConfigServerApplicationTests]
21:27:49.006 [Test worker] DEBUG org.springframework.test.context.BootstrapUtils - Instantiating CacheAwareContextLoaderDelegate from class [org.springframework.test.context.cache.DefaultCacheAwareContextLoaderDelegate]
21:27:49.026 [Test worker] DEBUG org.springframework.test.context.BootstrapUtils - Instantiating BootstrapContext using constructor [public org.springframework.test.context.support.DefaultBootstrapContext(java.lang.Class,org.springframework.test.context.CacheAwareContextLoaderDelegate)]
21:27:49.062 [Test worker] DEBUG org.springframework.test.context.BootstrapUtils - Instantiating TestContextBootstrapper for test class [com.rudra.config.server.SpringCloudConfigServerApplicationTests] from class [org.springframework.boot.test.context.SpringBootTestContextBootstrapper]
21:27:49.098 [Test worker] INFO org.springframework.boot.test.context.SpringBootTestContextBootstrapper - Neither @ContextConfiguration nor @ContextHierarchy found for test class [com.rudra.config.server.SpringCloudConfigServerApplicationTests], using SpringBootContextLoader
21:27:49.102 [Test worker] DEBUG org.springframework.test.context.support.AbstractContextLoader - Did not detect default resource location for test class [com.rudra.config.server.SpringCloudConfigServerApplicationTests]: class path resource [com/rudra/config/server/SpringCloudConfigServerApplicationTests-context.xml] does not exist
21:27:49.106 [Test worker] DEBUG org.springframework.test.context.support.AbstractContextLoader - Did not detect default resource location for test class [com.rudra.config.server.SpringCloudConfigServerApplicationTests]: class path resource [com/rudra/config/server/SpringCloudConfigServerApplicationTestsContext.groovy] does not exist
21:27:49.106 [Test worker] INFO org.springframework.test.context.support.AbstractContextLoader - Could not detect default resource locations for test class [com.rudra.config.server.SpringCloudConfigServerApplicationTests]: no resource found for suffixes {-context.xml, Context.groovy}.
21:27:49.106 [Test worker] INFO org.springframework.test.context.support.AnnotationConfigContextLoaderUtils - Could not detect default configuration classes for test class [com.rudra.config.server.SpringCloudConfigServerApplicationTests]: SpringCloudConfigServerApplicationTests does not declare any static, non-private, non-final, nested classes annotated with @Configuration.
21:27:49.202 [Test worker] DEBUG org.springframework.test.context.support.ActiveProfilesUtils - Could not find an 'annotation declaring class' for annotation type [org.springframework.test.context.ActiveProfiles] and class [com.rudra.config.server.SpringCloudConfigServerApplicationTests]
21:27:49.326 [Test worker] DEBUG org.springframework.context.annotation.ClassPathScanningCandidateComponentProvider - Identified candidate component class: file [C:\work\spring-cloud-config-server\build\classes\java\main\com\rudra\config\server\SpringCloudConfigServerApplication.class]
21:27:49.326 [Test worker] INFO org.springframework.boot.test.context.SpringBootTestContextBootstrapper - Found @SpringBootConfiguration com.rudra.config.server.SpringCloudConfigServerApplication for test class com.rudra.config.server.SpringCloudConfigServerApplicationTests
21:27:49.510 [Test worker] DEBUG org.springframework.boot.test.context.SpringBootTestContextBootstrapper - @TestExecutionListeners is not present for class [com.rudra.config.server.SpringCloudConfigServerApplicationTests]: using defaults.
21:27:49.510 [Test worker] INFO org.springframework.boot.test.context.SpringBootTestContextBootstrapper - Loaded default TestExecutionListener class names from location [META-INF/spring.factories]: [org.springframework.security.test.context.support.WithSecurityContextTestExecutionListener, org.springframework.security.test.context.support.ReactorContextTestExecutionListener, org.springframework.boot.test.autoconfigure.restdocs.RestDocsTestExecutionListener, org.springframework.boot.test.autoconfigure.web.client.MockRestServiceServerResetTestExecutionListener, org.springframework.boot.test.autoconfigure.web.servlet.MockMvcPrintOnlyOnFailureTestExecutionListener, org.springframework.boot.test.autoconfigure.web.servlet.WebDriverTestExecutionListener, org.springframework.boot.test.mock.mockito.MockitoTestExecutionListener, org.springframework.boot.test.mock.mockito.ResetMocksTestExecutionListener, org.springframework.test.context.web.ServletTestExecutionListener, org.springframework.test.context.support.DirtiesContextBeforeModesTestExecutionListener, org.springframework.test.context.support.DependencyInjectionTestExecutionListener, org.springframework.test.context.support.DirtiesContextTestExecutionListener, org.springframework.test.context.transaction.TransactionalTestExecutionListener, org.springframework.test.context.jdbc.SqlScriptsTestExecutionListener]
21:27:49.554 [Test worker] DEBUG org.springframework.boot.test.context.SpringBootTestContextBootstrapper - Skipping candidate TestExecutionListener [org.springframework.test.context.transaction.TransactionalTestExecutionListener] due to a missing dependency. Specify custom listener classes or make the default listener classes and their required dependencies available. Offending class: [org/springframework/transaction/interceptor/TransactionAttributeSource]
21:27:49.554 [Test worker] DEBUG org.springframework.boot.test.context.SpringBootTestContextBootstrapper - Skipping candidate TestExecutionListener [org.springframework.test.context.jdbc.SqlScriptsTestExecutionListener] due to a missing dependency. Specify custom listener classes or make the default listener classes and their required dependencies available. Offending class: [org/springframework/transaction/interceptor/TransactionAttribute]
21:27:49.554 [Test worker] INFO org.springframework.boot.test.context.SpringBootTestContextBootstrapper - Using TestExecutionListeners: [org.springframework.test.context.web.ServletTestExecutionListener@7b67d12a, org.springframework.test.context.support.DirtiesContextBeforeModesTestExecutionListener@5652811a, org.springframework.boot.test.mock.mockito.MockitoTestExecutionListener@56f9c3f9, org.springframework.boot.test.autoconfigure.SpringBootDependencyInjectionTestExecutionListener@585d742f, org.springframework.test.context.support.DirtiesContextTestExecutionListener@1df6008f, org.springframework.security.test.context.support.WithSecurityContextTestExecutionListener@5f6e187a, org.springframework.security.test.context.support.ReactorContextTestExecutionListener@4710fe65, org.springframework.boot.test.autoconfigure.restdocs.RestDocsTestExecutionListener@74df16a4, org.springframework.boot.test.autoconfigure.web.client.MockRestServiceServerResetTestExecutionListener@590082c8, org.springframework.boot.test.autoconfigure.web.servlet.MockMvcPrintOnlyOnFailureTestExecutionListener@7682fc5a, org.springframework.boot.test.autoconfigure.web.servlet.WebDriverTestExecutionListener@3621d739, org.springframework.boot.test.mock.mockito.ResetMocksTestExecutionListener@3a479d6f]
21:27:49.562 [Test worker] DEBUG org.springframework.test.annotation.ProfileValueUtils - Retrieved @ProfileValueSourceConfiguration [null] for test class [com.rudra.config.server.SpringCloudConfigServerApplicationTests]
21:27:49.566 [Test worker] DEBUG org.springframework.test.annotation.ProfileValueUtils - Retrieved ProfileValueSource type [class org.springframework.test.annotation.SystemProfileValueSource] for class [com.rudra.config.server.SpringCloudConfigServerApplicationTests]
21:27:49.566 [Test worker] DEBUG org.springframework.test.annotation.ProfileValueUtils - Retrieved @ProfileValueSourceConfiguration [null] for test class [com.rudra.config.server.SpringCloudConfigServerApplicationTests]
21:27:49.566 [Test worker] DEBUG org.springframework.test.annotation.ProfileValueUtils - Retrieved ProfileValueSource type [class org.springframework.test.annotation.SystemProfileValueSource] for class [com.rudra.config.server.SpringCloudConfigServerApplicationTests]
21:27:49.578 [Test worker] DEBUG org.springframework.test.context.support.AbstractDirtiesContextTestExecutionListener - Before test class: context [DefaultTestContext@c678693 testClass = SpringCloudConfigServerApplicationTests, testInstance = [null], testMethod = [null], testException = [null], mergedContextConfiguration = [WebMergedContextConfiguration@6af65e0c testClass = SpringCloudConfigServerApplicationTests, locations = '{}', classes = '{class com.rudra.config.server.SpringCloudConfigServerApplication}', contextInitializerClasses = '[]', activeProfiles = '{}', propertySourceLocations = '{}', propertySourceProperties = '{org.springframework.boot.test.context.SpringBootTestContextBootstrapper=true}', contextCustomizers = set[org.springframework.boot.test.autoconfigure.properties.PropertyMappingContextCustomizer@0, org.springframework.boot.test.autoconfigure.web.servlet.WebDriverContextCustomizerFactory$Customizer@89e00, org.springframework.boot.test.context.filter.ExcludeFilterContextCustomizer@665c4cfb, org.springframework.boot.test.json.DuplicateJsonObjectContextCustomizerFactory$DuplicateJsonObjectContextCustomizer@21490fc0, org.springframework.boot.test.mock.mockito.MockitoContextCustomizer@0, org.springframework.boot.test.web.client.TestRestTemplateContextCustomizer@60bbec70], resourceBasePath = 'src/main/webapp', contextLoader = 'org.springframework.boot.test.context.SpringBootContextLoader', parent = [null]], attributes = map['org.springframework.test.context.web.ServletTestExecutionListener.activateListener' -> true]], class annotated with @DirtiesContext [false] with mode [null].
21:27:49.578 [Test worker] DEBUG org.springframework.test.annotation.ProfileValueUtils - Retrieved @ProfileValueSourceConfiguration [null] for test class [com.rudra.config.server.SpringCloudConfigServerApplicationTests]
21:27:49.578 [Test worker] DEBUG org.springframework.test.annotation.ProfileValueUtils - Retrieved ProfileValueSource type [class org.springframework.test.annotation.SystemProfileValueSource] for class [com.rudra.config.server.SpringCloudConfigServerApplicationTests]
21:27:49.621 [Test worker] DEBUG org.springframework.test.context.support.TestPropertySourceUtils - Adding inlined properties to environment: {spring.jmx.enabled=false, org.springframework.boot.test.context.SpringBootTestContextBootstrapper=true, server.port=-1}
2019-10-08 21:27:51.922  INFO 13748 --- [    Test worker] trationDelegate$BeanPostProcessorChecker : Bean 'org.springframework.cloud.autoconfigure.ConfigurationPropertiesRebinderAutoConfiguration' of type [org.springframework.cloud.autoconfigure.ConfigurationPropertiesRebinderAutoConfiguration$$EnhancerBySpringCGLIB$$996fcdba] is not eligible for getting processed by all BeanPostProcessors (for example: not eligible for auto-proxying)

  .   ____          _            __ _ _
 /\\ / ___'_ __ _ _(_)_ __  __ _ \ \ \ \
( ( )\___ | '_ | '_| | '_ \/ _` | \ \ \ \
 \\/  ___)| |_)| | | | | || (_| |  ) ) ) )
  '  |____| .__|_| |_|_| |_\__, | / / / /
 =========|_|==============|___/=/_/_/_/
 :: Spring Boot ::        (v2.1.9.RELEASE)

2019-10-08 21:27:52.793  INFO 13748 --- [    Test worker] .SpringCloudConfigServerApplicationTests : No active profile set, falling back to default profiles: default
2019-10-08 21:27:54.834  INFO 13748 --- [    Test worker] o.s.cloud.context.scope.GenericScope     : BeanFactory id=595b524a-5f22-3d07-aade-9d4a93019f0c
2019-10-08 21:27:55.050  INFO 13748 --- [    Test worker] trationDelegate$BeanPostProcessorChecker : Bean 'org.springframework.cloud.autoconfigure.ConfigurationPropertiesRebinderAutoConfiguration' of type [org.springframework.cloud.autoconfigure.ConfigurationPropertiesRebinderAutoConfiguration$$EnhancerBySpringCGLIB$$996fcdba] is not eligible for getting processed by all BeanPostProcessors (for example: not eligible for auto-proxying)
2019-10-08 21:27:56.644  INFO 13748 --- [    Test worker] o.s.s.concurrent.ThreadPoolTaskExecutor  : Initializing ExecutorService 'applicationTaskExecutor'
2019-10-08 21:27:59.912  INFO 13748 --- [    Test worker] .s.s.UserDetailsServiceAutoConfiguration : 

Using generated security password: 73c362c6-b8ac-44b7-9bf8-1001cff793cc

2019-10-08 21:28:00.695  INFO 13748 --- [    Test worker] o.s.s.web.DefaultSecurityFilterChain     : Creating filter chain: any request, [org.springframework.security.web.context.request.async.WebAsyncManagerIntegrationFilter@dbce4d4, org.springframework.security.web.context.SecurityContextPersistenceFilter@6419cb2e, org.springframework.security.web.header.HeaderWriterFilter@6256e04e, org.springframework.security.web.csrf.CsrfFilter@43cbb2c3, org.springframework.security.web.authentication.logout.LogoutFilter@374941bc, org.springframework.security.web.authentication.UsernamePasswordAuthenticationFilter@632c1036, org.springframework.security.web.authentication.ui.DefaultLoginPageGeneratingFilter@534b0115, org.springframework.security.web.authentication.ui.DefaultLogoutPageGeneratingFilter@11d42d69, org.springframework.security.web.authentication.www.BasicAuthenticationFilter@14aec04a, org.springframework.security.web.savedrequest.RequestCacheAwareFilter@503178dd, org.springframework.security.web.servletapi.SecurityContextHolderAwareRequestFilter@7d84915c, org.springframework.security.web.authentication.AnonymousAuthenticationFilter@6e5c9146, org.springframework.security.web.session.SessionManagementFilter@4bfa4377, org.springframework.security.web.access.ExceptionTranslationFilter@3c63fb1c, org.springframework.security.web.access.intercept.FilterSecurityInterceptor@6504a0dc]
2019-10-08 21:28:02.352  INFO 13748 --- [    Test worker] o.s.b.a.e.web.EndpointLinksResolver      : Exposing 2 endpoint(s) beneath base path '/actuator'
2019-10-08 21:28:02.604  INFO 13748 --- [    Test worker] .SpringCloudConfigServerApplicationTests : Started SpringCloudConfigServerApplicationTests in 12.955 seconds (JVM running for 15.289)
]]></system-out>
  <system-err><![CDATA[]]></system-err>
</testsuite>
